#
# A fatal error has been detected by the Java Runtime Environment:
#
#  Internal Error (javaClasses.cpp:136), pid=5120, tid=5804
#  fatal error: Invalid layout of preloaded class
#
# JRE version:  (7.0_55-b13) (build )
# Java VM: Java HotSpot(TM) Client VM (24.55-b03 mixed mode windows-x86 )
# Failed to write core dump. Minidumps are not enabled by default on client versions of Windows
#
# If you would like to submit a bug report, please visit:
#   http://bugreport.sun.com/bugreport/crash.jsp
#

---------------  T H R E A D  ---------------

Current thread (0x00879c00):  JavaThread "Unknown thread" [_thread_in_vm, id=5804, stack(0x00960000,0x009b0000)]

Stack: [0x00960000,0x009b0000],  sp=0x009afb10,  free space=318k
Native frames: (J=compiled Java code, j=interpreted, Vv=VM code, C=native code)
V  [jvm.dll+0x18e051]
V  [jvm.dll+0x187dd6]
V  [jvm.dll+0x358ba]
V  [jvm.dll+0x35946]
V  [jvm.dll+0x43fed]
V  [jvm.dll+0x4429e]
V  [jvm.dll+0x926aa]
V  [jvm.dll+0x92a5b]
V  [jvm.dll+0x13db41]
V  [jvm.dll+0x1606ac]
V  [jvm.dll+0xc8e1f]
C  [javaw.exe+0x13ce]
C  [javaw.exe+0x1e40]
C  [javaw.exe+0xa5b1]
C  [javaw.exe+0xa63b]
C  [kernel32.dll+0xb729]


---------------  P R O C E S S  ---------------

Java Threads: ( => current thread )

Other Threads:

=>0x00879c00 (exited) JavaThread "Unknown thread" [_thread_in_vm, id=5804, stack(0x00960000,0x009b0000)]

VM state:not at safepoint (not fully initialized)

VM Mutex/Monitor currently owned by a thread: None

GC Heap History (0 events):
No events

Deoptimization events (0 events):
No events

Internal exceptions (0 events):
No events

Events (10 events):
Event: 0.157 loading class 0x02a77f48 done
Event: 0.157 loading class 0x02a779d8 done
Event: 0.157 loading class 0x02a779b8
Event: 0.175 loading class 0x02a7ece0
Event: 0.176 loading class 0x02a7ece0 done
Event: 0.176 loading class 0x02a7ed10
Event: 0.176 loading class 0x02a7ed10 done
Event: 0.176 loading class 0x02a7ed40
Event: 0.176 loading class 0x02a7ed40 done
Event: 0.176 loading class 0x02a779b8 done


Dynamic libraries:
0x00400000 - 0x0042f000 	D:\Program Files\Java\jre7\bin\javaw.exe
0x7c920000 - 0x7c9b6000 	C:\WINDOWS\system32\ntdll.dll
0x7c800000 - 0x7c91e000 	C:\WINDOWS\system32\kernel32.dll
0x77da0000 - 0x77e49000 	C:\WINDOWS\system32\ADVAPI32.dll
0x77e50000 - 0x77ee3000 	C:\WINDOWS\system32\RPCRT4.dll
0x77fc0000 - 0x77fd1000 	C:\WINDOWS\system32\Secur32.dll
0x77d10000 - 0x77da0000 	C:\WINDOWS\system32\USER32.dll
0x77ef0000 - 0x77f39000 	C:\WINDOWS\system32\GDI32.dll
0x77180000 - 0x77283000 	C:\WINDOWS\WinSxS\x86_Microsoft.Windows.Common-Controls_6595b64144ccf1df_6.0.2600.6028_x-ww_61e65202\COMCTL32.dll
0x77be0000 - 0x77c38000 	C:\WINDOWS\system32\msvcrt.dll
0x77f40000 - 0x77fb6000 	C:\WINDOWS\system32\SHLWAPI.dll
0x76300000 - 0x7631d000 	C:\WINDOWS\system32\IMM32.DLL
0x62c20000 - 0x62c29000 	C:\WINDOWS\system32\LPK.DLL
0x73fa0000 - 0x7400b000 	C:\WINDOWS\system32\USP10.dll
0x78aa0000 - 0x78b5f000 	D:\Program Files\Java\jre7\bin\msvcr100.dll
0x6e770000 - 0x6eaf0000 	D:\Program Files\Java\jre7\bin\client\jvm.dll
0x71a40000 - 0x71a4b000 	C:\WINDOWS\system32\WSOCK32.dll
0x71a20000 - 0x71a37000 	C:\WINDOWS\system32\WS2_32.dll
0x71a10000 - 0x71a18000 	C:\WINDOWS\system32\WS2HELP.dll
0x76b10000 - 0x76b3a000 	C:\WINDOWS\system32\WINMM.dll
0x76bc0000 - 0x76bcb000 	C:\WINDOWS\system32\PSAPI.DLL
0x6e6c0000 - 0x6e6cc000 	D:\Program Files\Java\jre7\bin\verify.dll
0x6d480000 - 0x6d4a0000 	D:\Program Files\Java\jre7\bin\java.dll
0x6d5a0000 - 0x6d5ca000 	D:\Program Files\Java\jre7\bin\jdwp.dll
0x6e560000 - 0x6e567000 	D:\Program Files\Java\jre7\bin\npt.dll
0x6e750000 - 0x6e763000 	D:\Program Files\Java\jre7\bin\zip.dll
0x68d60000 - 0x68e01000 	C:\WINDOWS\system32\dbghelp.dll
0x77bd0000 - 0x77bd8000 	C:\WINDOWS\system32\VERSION.dll

VM Arguments:
jvm_args: -agentlib:jdwp=transport=dt_socket,suspend=y,address=localhost:2392 -Dfile.encoding=UTF-8 -Xbootclasspath:F:\TD\adt-bundle-windows-x86-20140321\adt-bundle-windows-x86-20140321\sdk\platforms\android-18\android.jar 
java_command: com.qiniu.demo.testGet
Launcher Type: SUN_STANDARD

Environment Variables:
JAVA_HOME=D:\Program Files\Java\jdk1.7.0_55
CLASSPATH=.;D:\Program Files\Java\jdk1.7.0_55\lib;D:\Program Files\Java\jdk1.7.0_55\lib\tools.jar
PATH=D:/Program Files/Java/jre7/bin/client;D:/Program Files/Java/jre7/bin;D:/Program Files/Java/jre7/lib/i386;C:\Program Files\Common Files\NetSarang;C:\WINDOWS\system32;C:\WINDOWS;C:\WINDOWS\System32\Wbem;D:\Program Files\Java\jdk1.7.0_55\bin;D:\Program Files\Java\jdk1.7.0_55\jre\bin;C:\Documents and Settings\Administrator\Local Settings\Application Data\Kingsoft\WPS Office\9.1.0.4468\office6;F:\TD\eclipse-java-kepler-SR2-win32\eclipse;
USERNAME=Administrator
OS=Windows_NT
PROCESSOR_IDENTIFIER=x86 Family 6 Model 15 Stepping 13, GenuineIntel



---------------  S Y S T E M  ---------------

OS: Windows XP Build 2600 Service Pack 3

CPU:total 2 (2 cores per cpu, 1 threads per core) family 6 model 15 stepping 13, cmov, cx8, fxsr, mmx, sse, sse2, sse3, ssse3, tsc

Memory: 4k page, physical 2096300k(472948k free), swap 3515776k(1808672k free)

vm_info: Java HotSpot(TM) Client VM (24.55-b03) for windows-x86 JRE (1.7.0_55-b13), built on Mar 17 2014 20:01:11 by "java_re" with unknown MS VC++:1600

time: Tue May 13 22:38:06 2014
elapsed time: 0 seconds

